<?xml version="1.0" encoding="UTF-8"?>
<testng-results skipped="0" failed="0" total="1" passed="1">
  <reporter-output>
  </reporter-output>
  <suite name="Default suite" duration-ms="65406" started-at="2017-05-15T13:39:46Z" finished-at="2017-05-15T13:40:51Z">
    <groups>
    </groups>
    <test name="Default test" duration-ms="65406" started-at="2017-05-15T13:39:46Z" finished-at="2017-05-15T13:40:51Z">
      <class name="com.amazon.automation.HyperLinkTest">
        <test-method status="PASS" signature="beforeClass()[pri:0, instance:com.amazon.automation.HyperLinkTest@29ca901e]" name="beforeClass" is-config="true" duration-ms="8324" started-at="2017-05-15T06:39:46Z" finished-at="2017-05-15T06:39:54Z">
          <reporter-output>
          </reporter-output>
        </test-method> <!-- beforeClass -->
        <test-method status="PASS" signature="linkCheck()[pri:0, instance:com.amazon.automation.HyperLinkTest@29ca901e]" name="linkCheck" duration-ms="57052" started-at="2017-05-15T06:39:54Z" finished-at="2017-05-15T06:40:51Z">
          <reporter-output>
          </reporter-output>
        </test-method> <!-- linkCheck -->
      </class> <!-- com.amazon.automation.HyperLinkTest -->
    </test> <!-- Default test -->
  </suite> <!-- Default suite -->
</testng-results>
