<?xml version="1.0" encoding="UTF-8"?>
<testng-results skipped="0" failed="0" total="1" passed="1">
  <reporter-output>
  </reporter-output>
  <suite name="Default suite" duration-ms="35103" started-at="2017-03-14T20:03:06Z" finished-at="2017-03-14T20:03:41Z">
    <groups>
    </groups>
    <test name="Default test" duration-ms="35103" started-at="2017-03-14T20:03:06Z" finished-at="2017-03-14T20:03:41Z">
      <class name="com.general.misc.CookieDemo">
        <test-method status="PASS" signature="beforeClass()[pri:0, instance:com.general.misc.CookieDemo@3c0ecd4b]" name="beforeClass" is-config="true" duration-ms="31626" started-at="2017-03-14T13:03:06Z" finished-at="2017-03-14T13:03:37Z">
          <reporter-output>
          </reporter-output>
        </test-method> <!-- beforeClass -->
        <test-method status="PASS" signature="manageCookie()[pri:0, instance:com.general.misc.CookieDemo@3c0ecd4b]" name="manageCookie" duration-ms="1138" started-at="2017-03-14T13:03:37Z" finished-at="2017-03-14T13:03:39Z">
          <reporter-output>
          </reporter-output>
        </test-method> <!-- manageCookie -->
        <test-method status="PASS" signature="afterClass()[pri:0, instance:com.general.misc.CookieDemo@3c0ecd4b]" name="afterClass" is-config="true" duration-ms="2321" started-at="2017-03-14T13:03:39Z" finished-at="2017-03-14T13:03:41Z">
          <reporter-output>
          </reporter-output>
        </test-method> <!-- afterClass -->
      </class> <!-- com.general.misc.CookieDemo -->
    </test> <!-- Default test -->
  </suite> <!-- Default suite -->
</testng-results>
